{"C:\\Users\\Youcode\\Desktop\\sandique-app\\api\\src\\controllers\\apartmentController.js": {"path":"C:\\Users\\Youcode\\Desktop\\sandique-app\\api\\src\\controllers\\apartmentController.js","statementMap":{"0":{"start":{"line":9,"column":8},"end":{"line":47,"column":9}},"1":{"start":{"line":10,"column":77},"end":{"line":10,"column":85}},"2":{"start":{"line":13,"column":16},"end":{"line":15,"column":58}},"3":{"start":{"line":17,"column":12},"end":{"line":19,"column":13}},"4":{"start":{"line":18,"column":14},"end":{"line":18,"column":49}},"5":{"start":{"line":21,"column":12},"end":{"line":35,"column":13}},"6":{"start":{"line":22,"column":16},"end":{"line":24,"column":17}},"7":{"start":{"line":23,"column":20},"end":{"line":23,"column":46}},"8":{"start":{"line":25,"column":31},"end":{"line":25,"column":48}},"9":{"start":{"line":26,"column":39},"end":{"line":26,"column":71}},"10":{"start":{"line":27,"column":16},"end":{"line":27,"column":51}},"11":{"start":{"line":28,"column":19},"end":{"line":35,"column":13}},"12":{"start":{"line":29,"column":16},"end":{"line":29,"column":37}},"13":{"start":{"line":31,"column":16},"end":{"line":34,"column":18}},"14":{"start":{"line":37,"column":30},"end":{"line":37,"column":73}},"15":{"start":{"line":38,"column":12},"end":{"line":38,"column":51}},"16":{"start":{"line":40,"column":12},"end":{"line":42,"column":15}},"17":{"start":{"line":44,"column":12},"end":{"line":46,"column":15}},"18":{"start":{"line":51,"column":8},"end":{"line":55,"column":9}},"19":{"start":{"line":52,"column":12},"end":{"line":52,"column":52}},"20":{"start":{"line":54,"column":12},"end":{"line":54,"column":50}},"21":{"start":{"line":59,"column":8},"end":{"line":63,"column":9}},"22":{"start":{"line":60,"column":12},"end":{"line":60,"column":65}},"23":{"start":{"line":62,"column":12},"end":{"line":62,"column":51}},"24":{"start":{"line":67,"column":8},"end":{"line":118,"column":9}},"25":{"start":{"line":77,"column":16},"end":{"line":77,"column":24}},"26":{"start":{"line":80,"column":12},"end":{"line":82,"column":54}},"27":{"start":{"line":85,"column":12},"end":{"line":87,"column":13}},"28":{"start":{"line":86,"column":12},"end":{"line":86,"column":47}},"29":{"start":{"line":89,"column":12},"end":{"line":100,"column":13}},"30":{"start":{"line":90,"column":31},"end":{"line":90,"column":48}},"31":{"start":{"line":91,"column":39},"end":{"line":91,"column":71}},"32":{"start":{"line":92,"column":16},"end":{"line":92,"column":51}},"33":{"start":{"line":93,"column":19},"end":{"line":100,"column":13}},"34":{"start":{"line":94,"column":16},"end":{"line":94,"column":37}},"35":{"start":{"line":96,"column":16},"end":{"line":99,"column":18}},"36":{"start":{"line":102,"column":30},"end":{"line":102,"column":78}},"37":{"start":{"line":104,"column":12},"end":{"line":104,"column":51}},"38":{"start":{"line":106,"column":12},"end":{"line":113,"column":13}},"39":{"start":{"line":107,"column":16},"end":{"line":112,"column":25}},"40":{"start":{"line":115,"column":12},"end":{"line":115,"column":82}},"41":{"start":{"line":117,"column":12},"end":{"line":117,"column":50}},"42":{"start":{"line":122,"column":8},"end":{"line":139,"column":9}},"43":{"start":{"line":123,"column":37},"end":{"line":123,"column":79}},"44":{"start":{"line":125,"column":12},"end":{"line":134,"column":21}},"45":{"start":{"line":136,"column":12},"end":{"line":136,"column":82}},"46":{"start":{"line":138,"column":12},"end":{"line":138,"column":50}}},"fnMap":{"0":{"name":"(anonymous_0)","decl":{"start":{"line":8,"column":4},"end":{"line":8,"column":5}},"loc":{"start":{"line":8,"column":43},"end":{"line":48,"column":5}},"line":8},"1":{"name":"(anonymous_1)","decl":{"start":{"line":50,"column":4},"end":{"line":50,"column":5}},"loc":{"start":{"line":50,"column":44},"end":{"line":56,"column":5}},"line":50},"2":{"name":"(anonymous_2)","decl":{"start":{"line":58,"column":4},"end":{"line":58,"column":5}},"loc":{"start":{"line":58,"column":40},"end":{"line":64,"column":5}},"line":58},"3":{"name":"(anonymous_3)","decl":{"start":{"line":66,"column":4},"end":{"line":66,"column":5}},"loc":{"start":{"line":66,"column":43},"end":{"line":119,"column":5}},"line":66},"4":{"name":"(anonymous_4)","decl":{"start":{"line":121,"column":4},"end":{"line":121,"column":5}},"loc":{"start":{"line":121,"column":43},"end":{"line":140,"column":5}},"line":121}},"branchMap":{"0":{"loc":{"start":{"line":13,"column":16},"end":{"line":15,"column":58}},"type":"cond-expr","locations":[{"start":{"line":14,"column":20},"end":{"line":14,"column":67}},{"start":{"line":15,"column":20},"end":{"line":15,"column":58}}],"line":13},"1":{"loc":{"start":{"line":17,"column":12},"end":{"line":19,"column":13}},"type":"if","locations":[{"start":{"line":17,"column":12},"end":{"line":19,"column":13}},{"start":{},"end":{}}],"line":17},"2":{"loc":{"start":{"line":21,"column":12},"end":{"line":35,"column":13}},"type":"if","locations":[{"start":{"line":21,"column":12},"end":{"line":35,"column":13}},{"start":{"line":28,"column":19},"end":{"line":35,"column":13}}],"line":21},"3":{"loc":{"start":{"line":22,"column":16},"end":{"line":24,"column":17}},"type":"if","locations":[{"start":{"line":22,"column":16},"end":{"line":24,"column":17}},{"start":{},"end":{}}],"line":22},"4":{"loc":{"start":{"line":28,"column":19},"end":{"line":35,"column":13}},"type":"if","locations":[{"start":{"line":28,"column":19},"end":{"line":35,"column":13}},{"start":{"line":30,"column":19},"end":{"line":35,"column":13}}],"line":28},"5":{"loc":{"start":{"line":80,"column":12},"end":{"line":82,"column":54}},"type":"cond-expr","locations":[{"start":{"line":81,"column":16},"end":{"line":81,"column":63}},{"start":{"line":82,"column":16},"end":{"line":82,"column":54}}],"line":80},"6":{"loc":{"start":{"line":85,"column":12},"end":{"line":87,"column":13}},"type":"if","locations":[{"start":{"line":85,"column":12},"end":{"line":87,"column":13}},{"start":{},"end":{}}],"line":85},"7":{"loc":{"start":{"line":89,"column":12},"end":{"line":100,"column":13}},"type":"if","locations":[{"start":{"line":89,"column":12},"end":{"line":100,"column":13}},{"start":{"line":93,"column":19},"end":{"line":100,"column":13}}],"line":89},"8":{"loc":{"start":{"line":93,"column":19},"end":{"line":100,"column":13}},"type":"if","locations":[{"start":{"line":93,"column":19},"end":{"line":100,"column":13}},{"start":{"line":95,"column":19},"end":{"line":100,"column":13}}],"line":93},"9":{"loc":{"start":{"line":106,"column":12},"end":{"line":113,"column":13}},"type":"if","locations":[{"start":{"line":106,"column":12},"end":{"line":113,"column":13}},{"start":{},"end":{}}],"line":106},"10":{"loc":{"start":{"line":107,"column":16},"end":{"line":112,"column":24}},"type":"cond-expr","locations":[{"start":{"line":109,"column":22},"end":{"line":111,"column":24}},{"start":{"line":112,"column":22},"end":{"line":112,"column":24}}],"line":107},"11":{"loc":{"start":{"line":125,"column":12},"end":{"line":134,"column":20}},"type":"cond-expr","locations":[{"start":{"line":131,"column":18},"end":{"line":133,"column":20}},{"start":{"line":134,"column":18},"end":{"line":134,"column":20}}],"line":125}},"s":{"0":5,"1":5,"2":5,"3":5,"4":1,"5":4,"6":2,"7":1,"8":1,"9":1,"10":1,"11":2,"12":1,"13":1,"14":3,"15":3,"16":3,"17":2,"18":0,"19":0,"20":0,"21":0,"22":0,"23":0,"24":0,"25":0,"26":0,"27":0,"28":0,"29":0,"30":0,"31":0,"32":0,"33":0,"34":0,"35":0,"36":0,"37":0,"38":0,"39":0,"40":0,"41":0,"42":0,"43":0,"44":0,"45":0,"46":0},"f":{"0":5,"1":0,"2":0,"3":0,"4":0},"b":{"0":[2,3],"1":[1,4],"2":[2,2],"3":[1,1],"4":[1,1],"5":[0,0],"6":[0,0],"7":[0,0],"8":[0,0],"9":[0,0],"10":[0,0],"11":[0,0]},"inputSourceMap":null,"_coverageSchema":"1a1c01bbd47fc00a2c39e90264f33305004495a9","hash":"9761d04ba0526f318b618229dd61c726ea7bc4d6"}
,"C:\\Users\\Youcode\\Desktop\\sandique-app\\api\\src\\controllers\\authController.js": {"path":"C:\\Users\\Youcode\\Desktop\\sandique-app\\api\\src\\controllers\\authController.js","statementMap":{"0":{"start":{"line":9,"column":0},"end":{"line":9,"column":9}},"1":{"start":{"line":13,"column":8},"end":{"line":59,"column":9}},"2":{"start":{"line":14,"column":12},"end":{"line":54,"column":13}},"3":{"start":{"line":15,"column":34},"end":{"line":15,"column":71}},"4":{"start":{"line":17,"column":16},"end":{"line":19,"column":17}},"5":{"start":{"line":18,"column":20},"end":{"line":18,"column":40}},"6":{"start":{"line":22,"column":20},"end":{"line":22,"column":28}},"7":{"start":{"line":24,"column":16},"end":{"line":26,"column":17}},"8":{"start":{"line":25,"column":20},"end":{"line":25,"column":61}},"9":{"start":{"line":28,"column":39},"end":{"line":28,"column":72}},"10":{"start":{"line":30,"column":30},"end":{"line":30,"column":65}},"11":{"start":{"line":34,"column":29},"end":{"line":42,"column":17}},"12":{"start":{"line":44,"column":39},"end":{"line":44,"column":60}},"13":{"start":{"line":46,"column":16},"end":{"line":46,"column":58}},"14":{"start":{"line":48,"column":16},"end":{"line":51,"column":19}},"15":{"start":{"line":53,"column":16},"end":{"line":53,"column":79}},"16":{"start":{"line":56,"column":12},"end":{"line":58,"column":15}},"17":{"start":{"line":63,"column":21},"end":{"line":63,"column":29}},"18":{"start":{"line":65,"column":8},"end":{"line":81,"column":9}},"19":{"start":{"line":66,"column":12},"end":{"line":68,"column":15}},"20":{"start":{"line":70,"column":12},"end":{"line":70,"column":35}},"21":{"start":{"line":72,"column":12},"end":{"line":80,"column":13}},"22":{"start":{"line":73,"column":16},"end":{"line":75,"column":19}},"23":{"start":{"line":77,"column":16},"end":{"line":79,"column":19}},"24":{"start":{"line":85,"column":8},"end":{"line":132,"column":9}},"25":{"start":{"line":86,"column":12},"end":{"line":127,"column":13}},"26":{"start":{"line":87,"column":34},"end":{"line":87,"column":68}},"27":{"start":{"line":89,"column":16},"end":{"line":91,"column":17}},"28":{"start":{"line":90,"column":20},"end":{"line":90,"column":40}},"29":{"start":{"line":93,"column":44},"end":{"line":93,"column":52}},"30":{"start":{"line":95,"column":29},"end":{"line":95,"column":66}},"31":{"start":{"line":97,"column":16},"end":{"line":124,"column":17}},"32":{"start":{"line":98,"column":20},"end":{"line":121,"column":21}},"33":{"start":{"line":99,"column":24},"end":{"line":118,"column":25}},"34":{"start":{"line":100,"column":42},"end":{"line":104,"column":29}},"35":{"start":{"line":105,"column":28},"end":{"line":108,"column":31}},"36":{"start":{"line":110,"column":28},"end":{"line":110,"column":44}},"37":{"start":{"line":113,"column":28},"end":{"line":113,"column":55}},"38":{"start":{"line":115,"column":28},"end":{"line":115,"column":60}},"39":{"start":{"line":117,"column":28},"end":{"line":117,"column":117}},"40":{"start":{"line":120,"column":24},"end":{"line":120,"column":51}},"41":{"start":{"line":123,"column":20},"end":{"line":123,"column":44}},"42":{"start":{"line":126,"column":16},"end":{"line":126,"column":68}},"43":{"start":{"line":129,"column":12},"end":{"line":131,"column":15}},"44":{"start":{"line":136,"column":8},"end":{"line":159,"column":9}},"45":{"start":{"line":137,"column":30},"end":{"line":137,"column":73}},"46":{"start":{"line":139,"column":12},"end":{"line":141,"column":13}},"47":{"start":{"line":140,"column":16},"end":{"line":140,"column":36}},"48":{"start":{"line":143,"column":30},"end":{"line":143,"column":38}},"49":{"start":{"line":145,"column":25},"end":{"line":145,"column":62}},"50":{"start":{"line":147,"column":12},"end":{"line":154,"column":13}},"51":{"start":{"line":148,"column":16},"end":{"line":148,"column":41}},"52":{"start":{"line":149,"column":16},"end":{"line":151,"column":19}},"53":{"start":{"line":153,"column":16},"end":{"line":153,"column":39}},"54":{"start":{"line":156,"column":12},"end":{"line":158,"column":15}},"55":{"start":{"line":163,"column":8},"end":{"line":189,"column":9}},"56":{"start":{"line":164,"column":30},"end":{"line":164,"column":67}},"57":{"start":{"line":166,"column":12},"end":{"line":168,"column":13}},"58":{"start":{"line":167,"column":16},"end":{"line":167,"column":36}},"59":{"start":{"line":170,"column":25},"end":{"line":170,"column":33}},"60":{"start":{"line":172,"column":33},"end":{"line":172,"column":41}},"61":{"start":{"line":174,"column":35},"end":{"line":174,"column":68}},"62":{"start":{"line":176,"column":12},"end":{"line":176,"column":43}},"63":{"start":{"line":178,"column":12},"end":{"line":184,"column":13}},"64":{"start":{"line":179,"column":16},"end":{"line":179,"column":76}},"65":{"start":{"line":181,"column":16},"end":{"line":183,"column":19}},"66":{"start":{"line":186,"column":12},"end":{"line":188,"column":15}},"67":{"start":{"line":193,"column":8},"end":{"line":193,"column":77}}},"fnMap":{"0":{"name":"(anonymous_0)","decl":{"start":{"line":12,"column":4},"end":{"line":12,"column":5}},"loc":{"start":{"line":12,"column":36},"end":{"line":60,"column":5}},"line":12},"1":{"name":"(anonymous_1)","decl":{"start":{"line":62,"column":4},"end":{"line":62,"column":5}},"loc":{"start":{"line":62,"column":41},"end":{"line":82,"column":5}},"line":62},"2":{"name":"(anonymous_2)","decl":{"start":{"line":84,"column":4},"end":{"line":84,"column":5}},"loc":{"start":{"line":84,"column":33},"end":{"line":133,"column":5}},"line":84},"3":{"name":"(anonymous_3)","decl":{"start":{"line":135,"column":4},"end":{"line":135,"column":5}},"loc":{"start":{"line":135,"column":42},"end":{"line":160,"column":5}},"line":135},"4":{"name":"(anonymous_4)","decl":{"start":{"line":162,"column":4},"end":{"line":162,"column":5}},"loc":{"start":{"line":162,"column":41},"end":{"line":190,"column":5}},"line":162},"5":{"name":"(anonymous_5)","decl":{"start":{"line":192,"column":4},"end":{"line":192,"column":5}},"loc":{"start":{"line":192,"column":28},"end":{"line":194,"column":5}},"line":192}},"branchMap":{"0":{"loc":{"start":{"line":14,"column":12},"end":{"line":54,"column":13}},"type":"if","locations":[{"start":{"line":14,"column":12},"end":{"line":54,"column":13}},{"start":{"line":52,"column":19},"end":{"line":54,"column":13}}],"line":14},"1":{"loc":{"start":{"line":17,"column":16},"end":{"line":19,"column":17}},"type":"if","locations":[{"start":{"line":17,"column":16},"end":{"line":19,"column":17}},{"start":{},"end":{}}],"line":17},"2":{"loc":{"start":{"line":24,"column":16},"end":{"line":26,"column":17}},"type":"if","locations":[{"start":{"line":24,"column":16},"end":{"line":26,"column":17}},{"start":{},"end":{}}],"line":24},"3":{"loc":{"start":{"line":30,"column":30},"end":{"line":30,"column":65}},"type":"cond-expr","locations":[{"start":{"line":30,"column":41},"end":{"line":30,"column":58}},{"start":{"line":30,"column":61},"end":{"line":30,"column":65}}],"line":30},"4":{"loc":{"start":{"line":65,"column":8},"end":{"line":81,"column":9}},"type":"if","locations":[{"start":{"line":65,"column":8},"end":{"line":81,"column":9}},{"start":{"line":69,"column":15},"end":{"line":81,"column":9}}],"line":65},"5":{"loc":{"start":{"line":72,"column":12},"end":{"line":80,"column":13}},"type":"if","locations":[{"start":{"line":72,"column":12},"end":{"line":80,"column":13}},{"start":{"line":76,"column":19},"end":{"line":80,"column":13}}],"line":72},"6":{"loc":{"start":{"line":86,"column":12},"end":{"line":127,"column":13}},"type":"if","locations":[{"start":{"line":86,"column":12},"end":{"line":127,"column":13}},{"start":{"line":125,"column":19},"end":{"line":127,"column":13}}],"line":86},"7":{"loc":{"start":{"line":89,"column":16},"end":{"line":91,"column":17}},"type":"if","locations":[{"start":{"line":89,"column":16},"end":{"line":91,"column":17}},{"start":{},"end":{}}],"line":89},"8":{"loc":{"start":{"line":97,"column":16},"end":{"line":124,"column":17}},"type":"if","locations":[{"start":{"line":97,"column":16},"end":{"line":124,"column":17}},{"start":{"line":122,"column":23},"end":{"line":124,"column":17}}],"line":97},"9":{"loc":{"start":{"line":98,"column":20},"end":{"line":121,"column":21}},"type":"if","locations":[{"start":{"line":98,"column":20},"end":{"line":121,"column":21}},{"start":{"line":119,"column":27},"end":{"line":121,"column":21}}],"line":98},"10":{"loc":{"start":{"line":99,"column":24},"end":{"line":118,"column":25}},"type":"if","locations":[{"start":{"line":99,"column":24},"end":{"line":118,"column":25}},{"start":{"line":114,"column":31},"end":{"line":118,"column":25}}],"line":99},"11":{"loc":{"start":{"line":139,"column":12},"end":{"line":141,"column":13}},"type":"if","locations":[{"start":{"line":139,"column":12},"end":{"line":141,"column":13}},{"start":{},"end":{}}],"line":139},"12":{"loc":{"start":{"line":147,"column":12},"end":{"line":154,"column":13}},"type":"if","locations":[{"start":{"line":147,"column":12},"end":{"line":154,"column":13}},{"start":{"line":152,"column":19},"end":{"line":154,"column":13}}],"line":147},"13":{"loc":{"start":{"line":166,"column":12},"end":{"line":168,"column":13}},"type":"if","locations":[{"start":{"line":166,"column":12},"end":{"line":168,"column":13}},{"start":{},"end":{}}],"line":166},"14":{"loc":{"start":{"line":178,"column":12},"end":{"line":184,"column":13}},"type":"if","locations":[{"start":{"line":178,"column":12},"end":{"line":184,"column":13}},{"start":{"line":180,"column":19},"end":{"line":184,"column":13}}],"line":178}},"s":{"0":2,"1":3,"2":3,"3":3,"4":3,"5":1,"6":2,"7":2,"8":1,"9":1,"10":1,"11":1,"12":1,"13":1,"14":1,"15":0,"16":2,"17":0,"18":0,"19":0,"20":0,"21":0,"22":0,"23":0,"24":3,"25":3,"26":3,"27":3,"28":0,"29":3,"30":3,"31":3,"32":2,"33":1,"34":1,"35":1,"36":1,"37":1,"38":0,"39":0,"40":1,"41":1,"42":0,"43":2,"44":0,"45":0,"46":0,"47":0,"48":0,"49":0,"50":0,"51":0,"52":0,"53":0,"54":0,"55":0,"56":0,"57":0,"58":0,"59":0,"60":0,"61":0,"62":0,"63":0,"64":0,"65":0,"66":0,"67":0},"f":{"0":3,"1":0,"2":3,"3":0,"4":0,"5":0},"b":{"0":[3,0],"1":[1,2],"2":[1,1],"3":[1,0],"4":[0,0],"5":[0,0],"6":[3,0],"7":[0,3],"8":[2,1],"9":[1,1],"10":[1,0],"11":[0,0],"12":[0,0],"13":[0,0],"14":[0,0]},"inputSourceMap":null,"_coverageSchema":"1a1c01bbd47fc00a2c39e90264f33305004495a9","hash":"aa5c3f6e6fb9cbf741048688077b0fdfcb9538c9"}
,"C:\\Users\\Youcode\\Desktop\\sandique-app\\api\\src\\controllers\\clientController.js": {"path":"C:\\Users\\Youcode\\Desktop\\sandique-app\\api\\src\\controllers\\clientController.js","statementMap":{"0":{"start":{"line":9,"column":8},"end":{"line":13,"column":9}},"1":{"start":{"line":10,"column":12},"end":{"line":10,"column":49}},"2":{"start":{"line":12,"column":12},"end":{"line":12,"column":49}},"3":{"start":{"line":17,"column":8},"end":{"line":23,"column":9}},"4":{"start":{"line":18,"column":12},"end":{"line":18,"column":112}},"5":{"start":{"line":19,"column":12},"end":{"line":19,"column":52}},"6":{"start":{"line":20,"column":12},"end":{"line":20,"column":78}},"7":{"start":{"line":22,"column":12},"end":{"line":22,"column":50}},"8":{"start":{"line":27,"column":8},"end":{"line":34,"column":9}},"9":{"start":{"line":28,"column":28},"end":{"line":28,"column":47}},"10":{"start":{"line":29,"column":12},"end":{"line":29,"column":45}},"11":{"start":{"line":30,"column":12},"end":{"line":30,"column":46}},"12":{"start":{"line":31,"column":12},"end":{"line":31,"column":79}},"13":{"start":{"line":33,"column":12},"end":{"line":33,"column":50}}},"fnMap":{"0":{"name":"(anonymous_0)","decl":{"start":{"line":8,"column":4},"end":{"line":8,"column":5}},"loc":{"start":{"line":8,"column":37},"end":{"line":14,"column":5}},"line":8},"1":{"name":"(anonymous_1)","decl":{"start":{"line":16,"column":4},"end":{"line":16,"column":5}},"loc":{"start":{"line":16,"column":39},"end":{"line":24,"column":5}},"line":16},"2":{"name":"(anonymous_2)","decl":{"start":{"line":26,"column":4},"end":{"line":26,"column":5}},"loc":{"start":{"line":26,"column":39},"end":{"line":35,"column":5}},"line":26}},"branchMap":{"0":{"loc":{"start":{"line":29,"column":12},"end":{"line":29,"column":44}},"type":"cond-expr","locations":[{"start":{"line":29,"column":20},"end":{"line":29,"column":39}},{"start":{"line":29,"column":42},"end":{"line":29,"column":44}}],"line":29}},"s":{"0":2,"1":2,"2":1,"3":2,"4":2,"5":1,"6":1,"7":1,"8":3,"9":3,"10":3,"11":2,"12":1,"13":2},"f":{"0":2,"1":2,"2":3},"b":{"0":[1,2]},"inputSourceMap":null,"_coverageSchema":"1a1c01bbd47fc00a2c39e90264f33305004495a9","hash":"2e64464b440bd8cee6ddeb77e8a2180cac740afb"}
,"C:\\Users\\Youcode\\Desktop\\sandique-app\\api\\src\\helpers\\tokenHandler.js": {"path":"C:\\Users\\Youcode\\Desktop\\sandique-app\\api\\src\\helpers\\tokenHandler.js","statementMap":{"0":{"start":{"line":2,"column":23},"end":{"line":2,"column":26}},"1":{"start":{"line":7,"column":8},"end":{"line":18,"column":9}},"2":{"start":{"line":9,"column":26},"end":{"line":12,"column":14}},"3":{"start":{"line":14,"column":12},"end":{"line":14,"column":25}},"4":{"start":{"line":17,"column":12},"end":{"line":17,"column":79}},"5":{"start":{"line":22,"column":8},"end":{"line":31,"column":10}},"6":{"start":{"line":23,"column":12},"end":{"line":29,"column":14}},"7":{"start":{"line":24,"column":16},"end":{"line":28,"column":17}},"8":{"start":{"line":25,"column":20},"end":{"line":25,"column":67}},"9":{"start":{"line":27,"column":20},"end":{"line":27,"column":37}}},"fnMap":{"0":{"name":"(anonymous_0)","decl":{"start":{"line":6,"column":4},"end":{"line":6,"column":5}},"loc":{"start":{"line":6,"column":53},"end":{"line":19,"column":5}},"line":6},"1":{"name":"(anonymous_1)","decl":{"start":{"line":21,"column":4},"end":{"line":21,"column":5}},"loc":{"start":{"line":21,"column":47},"end":{"line":32,"column":5}},"line":21},"2":{"name":"(anonymous_2)","decl":{"start":{"line":22,"column":27},"end":{"line":22,"column":28}},"loc":{"start":{"line":22,"column":46},"end":{"line":31,"column":9}},"line":22},"3":{"name":"(anonymous_3)","decl":{"start":{"line":23,"column":38},"end":{"line":23,"column":39}},"loc":{"start":{"line":23,"column":56},"end":{"line":29,"column":13}},"line":23}},"branchMap":{"0":{"loc":{"start":{"line":24,"column":16},"end":{"line":28,"column":17}},"type":"if","locations":[{"start":{"line":24,"column":16},"end":{"line":28,"column":17}},{"start":{"line":26,"column":23},"end":{"line":28,"column":17}}],"line":24}},"s":{"0":2,"1":1,"2":1,"3":1,"4":0,"5":0,"6":0,"7":0,"8":0,"9":0},"f":{"0":1,"1":0,"2":0,"3":0},"b":{"0":[0,0]},"inputSourceMap":null,"_coverageSchema":"1a1c01bbd47fc00a2c39e90264f33305004495a9","hash":"95c983aa8d7d3e641c4c88510e31490fefd2e07d"}
,"C:\\Users\\Youcode\\Desktop\\sandique-app\\api\\src\\models\\apartmentModel.js": {"path":"C:\\Users\\Youcode\\Desktop\\sandique-app\\api\\src\\models\\apartmentModel.js","statementMap":{"0":{"start":{"line":6,"column":58},"end":{"line":6,"column":72}},"1":{"start":{"line":8,"column":26},"end":{"line":14,"column":10}},"2":{"start":{"line":16,"column":8},"end":{"line":16,"column":25}},"3":{"start":{"line":20,"column":27},"end":{"line":20,"column":82}},"4":{"start":{"line":21,"column":8},"end":{"line":21,"column":25}},"5":{"start":{"line":25,"column":26},"end":{"line":25,"column":59}},"6":{"start":{"line":26,"column":8},"end":{"line":26,"column":24}},"7":{"start":{"line":30,"column":26},"end":{"line":30,"column":100}},"8":{"start":{"line":31,"column":8},"end":{"line":31,"column":25}},"9":{"start":{"line":35,"column":26},"end":{"line":35,"column":88}},"10":{"start":{"line":36,"column":8},"end":{"line":36,"column":25}}},"fnMap":{"0":{"name":"(anonymous_0)","decl":{"start":{"line":5,"column":4},"end":{"line":5,"column":5}},"loc":{"start":{"line":5,"column":39},"end":{"line":17,"column":5}},"line":5},"1":{"name":"(anonymous_1)","decl":{"start":{"line":19,"column":4},"end":{"line":19,"column":5}},"loc":{"start":{"line":19,"column":25},"end":{"line":22,"column":5}},"line":19},"2":{"name":"(anonymous_2)","decl":{"start":{"line":24,"column":4},"end":{"line":24,"column":5}},"loc":{"start":{"line":24,"column":27},"end":{"line":27,"column":5}},"line":24},"3":{"name":"(anonymous_3)","decl":{"start":{"line":29,"column":4},"end":{"line":29,"column":5}},"loc":{"start":{"line":29,"column":39},"end":{"line":32,"column":5}},"line":29},"4":{"name":"(anonymous_4)","decl":{"start":{"line":34,"column":4},"end":{"line":34,"column":5}},"loc":{"start":{"line":34,"column":27},"end":{"line":37,"column":5}},"line":34}},"branchMap":{},"s":{"0":0,"1":0,"2":0,"3":0,"4":0,"5":0,"6":0,"7":0,"8":0,"9":0,"10":0},"f":{"0":0,"1":0,"2":0,"3":0,"4":0},"b":{},"inputSourceMap":null,"_coverageSchema":"1a1c01bbd47fc00a2c39e90264f33305004495a9","hash":"a7c7a02c539037fabbe711a4ccde7edd7b0ffc5a"}
,"C:\\Users\\Youcode\\Desktop\\sandique-app\\api\\src\\models\\authModel.js": {"path":"C:\\Users\\Youcode\\Desktop\\sandique-app\\api\\src\\models\\authModel.js","statementMap":{"0":{"start":{"line":6,"column":8},"end":{"line":6,"column":25}},"1":{"start":{"line":7,"column":8},"end":{"line":7,"column":27}},"2":{"start":{"line":8,"column":8},"end":{"line":8,"column":27}},"3":{"start":{"line":9,"column":8},"end":{"line":9,"column":33}},"4":{"start":{"line":10,"column":8},"end":{"line":10,"column":39}},"5":{"start":{"line":11,"column":8},"end":{"line":11,"column":31}},"6":{"start":{"line":12,"column":8},"end":{"line":12,"column":25}},"7":{"start":{"line":16,"column":21},"end":{"line":25,"column":10}},"8":{"start":{"line":27,"column":8},"end":{"line":27,"column":20}},"9":{"start":{"line":31,"column":21},"end":{"line":31,"column":74}},"10":{"start":{"line":32,"column":8},"end":{"line":32,"column":20}},"11":{"start":{"line":36,"column":21},"end":{"line":36,"column":78}},"12":{"start":{"line":37,"column":8},"end":{"line":37,"column":20}}},"fnMap":{"0":{"name":"(anonymous_0)","decl":{"start":{"line":5,"column":4},"end":{"line":5,"column":5}},"loc":{"start":{"line":5,"column":74},"end":{"line":13,"column":5}},"line":5},"1":{"name":"(anonymous_1)","decl":{"start":{"line":15,"column":4},"end":{"line":15,"column":5}},"loc":{"start":{"line":15,"column":20},"end":{"line":28,"column":5}},"line":15},"2":{"name":"(anonymous_2)","decl":{"start":{"line":30,"column":4},"end":{"line":30,"column":5}},"loc":{"start":{"line":30,"column":28},"end":{"line":33,"column":5}},"line":30},"3":{"name":"(anonymous_3)","decl":{"start":{"line":35,"column":4},"end":{"line":35,"column":5}},"loc":{"start":{"line":35,"column":38},"end":{"line":38,"column":5}},"line":35}},"branchMap":{},"s":{"0":1,"1":1,"2":1,"3":1,"4":1,"5":1,"6":1,"7":0,"8":0,"9":0,"10":0,"11":0,"12":0},"f":{"0":1,"1":0,"2":0,"3":0},"b":{},"inputSourceMap":null,"_coverageSchema":"1a1c01bbd47fc00a2c39e90264f33305004495a9","hash":"d2fa84cb54677a713e970e88db0b3bfe68ff024c"}
,"C:\\Users\\Youcode\\Desktop\\sandique-app\\api\\src\\models\\clientModel.js": {"path":"C:\\Users\\Youcode\\Desktop\\sandique-app\\api\\src\\models\\clientModel.js","statementMap":{"0":{"start":{"line":7,"column":32},"end":{"line":7,"column":43}},"1":{"start":{"line":9,"column":23},"end":{"line":14,"column":10}},"2":{"start":{"line":16,"column":8},"end":{"line":16,"column":22}},"3":{"start":{"line":20,"column":24},"end":{"line":20,"column":50}},"4":{"start":{"line":21,"column":8},"end":{"line":21,"column":22}},"5":{"start":{"line":25,"column":23},"end":{"line":25,"column":82}},"6":{"start":{"line":26,"column":8},"end":{"line":26,"column":21}},"7":{"start":{"line":30,"column":23},"end":{"line":30,"column":88}},"8":{"start":{"line":31,"column":8},"end":{"line":31,"column":22}}},"fnMap":{"0":{"name":"(anonymous_0)","decl":{"start":{"line":5,"column":4},"end":{"line":5,"column":5}},"loc":{"start":{"line":5,"column":36},"end":{"line":17,"column":5}},"line":5},"1":{"name":"(anonymous_1)","decl":{"start":{"line":19,"column":4},"end":{"line":19,"column":5}},"loc":{"start":{"line":19,"column":25},"end":{"line":22,"column":5}},"line":19},"2":{"name":"(anonymous_2)","decl":{"start":{"line":24,"column":4},"end":{"line":24,"column":5}},"loc":{"start":{"line":24,"column":27},"end":{"line":27,"column":5}},"line":24},"3":{"name":"(anonymous_3)","decl":{"start":{"line":29,"column":4},"end":{"line":29,"column":5}},"loc":{"start":{"line":29,"column":36},"end":{"line":32,"column":5}},"line":29}},"branchMap":{},"s":{"0":0,"1":0,"2":0,"3":0,"4":0,"5":0,"6":0,"7":0,"8":0},"f":{"0":0,"1":0,"2":0,"3":0},"b":{},"inputSourceMap":null,"_coverageSchema":"1a1c01bbd47fc00a2c39e90264f33305004495a9","hash":"0b78a0e1d360da1254ed1b90584c69433506d432"}
,"C:\\Users\\Youcode\\Desktop\\sandique-app\\api\\src\\models\\roleModel.js": {"path":"C:\\Users\\Youcode\\Desktop\\sandique-app\\api\\src\\models\\roleModel.js","statementMap":{"0":{"start":{"line":6,"column":21},"end":{"line":6,"column":61}},"1":{"start":{"line":8,"column":8},"end":{"line":8,"column":24}}},"fnMap":{"0":{"name":"(anonymous_0)","decl":{"start":{"line":5,"column":4},"end":{"line":5,"column":5}},"loc":{"start":{"line":5,"column":33},"end":{"line":9,"column":5}},"line":5}},"branchMap":{},"s":{"0":0,"1":0},"f":{"0":0},"b":{},"inputSourceMap":null,"_coverageSchema":"1a1c01bbd47fc00a2c39e90264f33305004495a9","hash":"edee15ea65caf38c4cf032f8545183aa78b73cc7"}
,"C:\\Users\\Youcode\\Desktop\\sandique-app\\api\\src\\models\\config\\models.js": {"path":"C:\\Users\\Youcode\\Desktop\\sandique-app\\api\\src\\models\\config\\models.js","statementMap":{"0":{"start":{"line":4,"column":18},"end":{"line":4,"column":60}},"1":{"start":{"line":5,"column":18},"end":{"line":5,"column":60}},"2":{"start":{"line":6,"column":23},"end":{"line":6,"column":75}},"3":{"start":{"line":7,"column":21},"end":{"line":7,"column":69}},"4":{"start":{"line":8,"column":20},"end":{"line":8,"column":66}}},"fnMap":{},"branchMap":{},"s":{"0":4,"1":4,"2":4,"3":4,"4":4},"f":{},"b":{},"inputSourceMap":null,"_coverageSchema":"1a1c01bbd47fc00a2c39e90264f33305004495a9","hash":"32af9c3155e709c569666309b7e02658b9489b98"}
,"C:\\Users\\Youcode\\Desktop\\sandique-app\\api\\src\\validations\\apartmentValidation.js": {"path":"C:\\Users\\Youcode\\Desktop\\sandique-app\\api\\src\\validations\\apartmentValidation.js","statementMap":{"0":{"start":{"line":3,"column":21},"end":{"line":7,"column":1}},"1":{"start":{"line":12,"column":23},"end":{"line":18,"column":39}},"2":{"start":{"line":20,"column":8},"end":{"line":20,"column":62}},"3":{"start":{"line":24,"column":23},"end":{"line":26,"column":39}},"4":{"start":{"line":28,"column":8},"end":{"line":28,"column":62}}},"fnMap":{"0":{"name":"(anonymous_0)","decl":{"start":{"line":11,"column":4},"end":{"line":11,"column":5}},"loc":{"start":{"line":11,"column":47},"end":{"line":21,"column":5}},"line":11},"1":{"name":"(anonymous_1)","decl":{"start":{"line":23,"column":4},"end":{"line":23,"column":5}},"loc":{"start":{"line":23,"column":38},"end":{"line":29,"column":5}},"line":23}},"branchMap":{},"s":{"0":1,"1":2,"2":2,"3":3,"4":3},"f":{"0":2,"1":3},"b":{},"inputSourceMap":null,"_coverageSchema":"1a1c01bbd47fc00a2c39e90264f33305004495a9","hash":"e22783d99f00ab62215f5e1e68a95017539d56e8"}
,"C:\\Users\\Youcode\\Desktop\\sandique-app\\api\\src\\validations\\authValidation.js": {"path":"C:\\Users\\Youcode\\Desktop\\sandique-app\\api\\src\\validations\\authValidation.js","statementMap":{"0":{"start":{"line":7,"column":23},"end":{"line":20,"column":39}},"1":{"start":{"line":22,"column":8},"end":{"line":22,"column":62}},"2":{"start":{"line":27,"column":23},"end":{"line":33,"column":39}},"3":{"start":{"line":35,"column":8},"end":{"line":35,"column":63}},"4":{"start":{"line":41,"column":23},"end":{"line":43,"column":39}},"5":{"start":{"line":45,"column":8},"end":{"line":45,"column":63}},"6":{"start":{"line":50,"column":23},"end":{"line":67,"column":39}},"7":{"start":{"line":69,"column":8},"end":{"line":69,"column":63}}},"fnMap":{"0":{"name":"(anonymous_0)","decl":{"start":{"line":6,"column":4},"end":{"line":6,"column":5}},"loc":{"start":{"line":6,"column":37},"end":{"line":23,"column":5}},"line":6},"1":{"name":"(anonymous_1)","decl":{"start":{"line":25,"column":4},"end":{"line":25,"column":5}},"loc":{"start":{"line":25,"column":34},"end":{"line":37,"column":5}},"line":25},"2":{"name":"(anonymous_2)","decl":{"start":{"line":39,"column":4},"end":{"line":39,"column":5}},"loc":{"start":{"line":39,"column":43},"end":{"line":47,"column":5}},"line":39},"3":{"name":"(anonymous_3)","decl":{"start":{"line":49,"column":4},"end":{"line":49,"column":5}},"loc":{"start":{"line":49,"column":37},"end":{"line":71,"column":5}},"line":49}},"branchMap":{},"s":{"0":3,"1":3,"2":3,"3":3,"4":0,"5":0,"6":0,"7":0},"f":{"0":3,"1":3,"2":0,"3":0},"b":{},"inputSourceMap":null,"_coverageSchema":"1a1c01bbd47fc00a2c39e90264f33305004495a9","hash":"d759ce0b412eaa354bcf74a9eec5523adb253d35"}
,"C:\\Users\\Youcode\\Desktop\\sandique-app\\api\\src\\validations\\validationsErrorHandler.js": {"path":"C:\\Users\\Youcode\\Desktop\\sandique-app\\api\\src\\validations\\validationsErrorHandler.js","statementMap":{"0":{"start":{"line":2,"column":29},"end":{"line":7,"column":6}},"1":{"start":{"line":3,"column":8},"end":{"line":6,"column":10}},"2":{"start":{"line":9,"column":25},"end":{"line":11,"column":23}},"3":{"start":{"line":10,"column":24},"end":{"line":10,"column":42}},"4":{"start":{"line":13,"column":4},"end":{"line":13,"column":23}}},"fnMap":{"0":{"name":"errorHandler","decl":{"start":{"line":1,"column":24},"end":{"line":1,"column":36}},"loc":{"start":{"line":1,"column":43},"end":{"line":14,"column":1}},"line":1},"1":{"name":"(anonymous_1)","decl":{"start":{"line":2,"column":47},"end":{"line":2,"column":48}},"loc":{"start":{"line":2,"column":59},"end":{"line":7,"column":5}},"line":2},"2":{"name":"(anonymous_2)","decl":{"start":{"line":10,"column":13},"end":{"line":10,"column":14}},"loc":{"start":{"line":10,"column":24},"end":{"line":10,"column":42}},"line":10}},"branchMap":{},"s":{"0":3,"1":3,"2":3,"3":3,"4":3},"f":{"0":3,"1":3,"2":3},"b":{},"inputSourceMap":null,"_coverageSchema":"1a1c01bbd47fc00a2c39e90264f33305004495a9","hash":"0c3194c00875524a1481dd461763922f1a68c545"}
}
