TN:
SF:src\controllers\apartmentController.js
FN:8,(anonymous_0)
FN:50,(anonymous_1)
FN:58,(anonymous_2)
FN:66,(anonymous_3)
FN:121,(anonymous_4)
FNF:5
FNH:1
FNDA:5,(anonymous_0)
FNDA:0,(anonymous_1)
FNDA:0,(anonymous_2)
FNDA:0,(anonymous_3)
FNDA:0,(anonymous_4)
DA:9,5
DA:10,5
DA:13,5
DA:17,5
DA:18,1
DA:21,4
DA:22,2
DA:23,1
DA:25,1
DA:26,1
DA:27,1
DA:28,2
DA:29,1
DA:31,1
DA:37,3
DA:38,3
DA:40,3
DA:44,2
DA:51,0
DA:52,0
DA:54,0
DA:59,0
DA:60,0
DA:62,0
DA:67,0
DA:77,0
DA:80,0
DA:85,0
DA:86,0
DA:89,0
DA:90,0
DA:91,0
DA:92,0
DA:93,0
DA:94,0
DA:96,0
DA:102,0
DA:104,0
DA:106,0
DA:107,0
DA:115,0
DA:117,0
DA:122,0
DA:123,0
DA:125,0
DA:136,0
DA:138,0
LF:47
LH:18
BRDA:13,0,0,2
BRDA:13,0,1,3
BRDA:17,1,0,1
BRDA:17,1,1,4
BRDA:21,2,0,2
BRDA:21,2,1,2
BRDA:22,3,0,1
BRDA:22,3,1,1
BRDA:28,4,0,1
BRDA:28,4,1,1
BRDA:80,5,0,0
BRDA:80,5,1,0
BRDA:85,6,0,0
BRDA:85,6,1,0
BRDA:89,7,0,0
BRDA:89,7,1,0
BRDA:93,8,0,0
BRDA:93,8,1,0
BRDA:106,9,0,0
BRDA:106,9,1,0
BRDA:107,10,0,0
BRDA:107,10,1,0
BRDA:125,11,0,0
BRDA:125,11,1,0
BRF:24
BRH:10
end_of_record
TN:
SF:src\controllers\authController.js
FN:12,(anonymous_0)
FN:62,(anonymous_1)
FN:84,(anonymous_2)
FN:135,(anonymous_3)
FN:162,(anonymous_4)
FN:192,(anonymous_5)
FNF:6
FNH:2
FNDA:3,(anonymous_0)
FNDA:0,(anonymous_1)
FNDA:3,(anonymous_2)
FNDA:0,(anonymous_3)
FNDA:0,(anonymous_4)
FNDA:0,(anonymous_5)
DA:9,2
DA:13,3
DA:14,3
DA:15,3
DA:17,3
DA:18,1
DA:22,2
DA:24,2
DA:25,1
DA:28,1
DA:30,1
DA:34,1
DA:44,1
DA:46,1
DA:48,1
DA:53,0
DA:56,2
DA:63,0
DA:65,0
DA:66,0
DA:70,0
DA:72,0
DA:73,0
DA:77,0
DA:85,3
DA:86,3
DA:87,3
DA:89,3
DA:90,0
DA:93,3
DA:95,3
DA:97,3
DA:98,2
DA:99,1
DA:100,1
DA:105,1
DA:110,1
DA:113,1
DA:115,0
DA:117,0
DA:120,1
DA:123,1
DA:126,0
DA:129,2
DA:136,0
DA:137,0
DA:139,0
DA:140,0
DA:143,0
DA:145,0
DA:147,0
DA:148,0
DA:149,0
DA:153,0
DA:156,0
DA:163,0
DA:164,0
DA:166,0
DA:167,0
DA:170,0
DA:172,0
DA:174,0
DA:176,0
DA:178,0
DA:179,0
DA:181,0
DA:186,0
DA:193,0
LF:68
LH:32
BRDA:14,0,0,3
BRDA:14,0,1,0
BRDA:17,1,0,1
BRDA:17,1,1,2
BRDA:24,2,0,1
BRDA:24,2,1,1
BRDA:30,3,0,1
BRDA:30,3,1,0
BRDA:65,4,0,0
BRDA:65,4,1,0
BRDA:72,5,0,0
BRDA:72,5,1,0
BRDA:86,6,0,3
BRDA:86,6,1,0
BRDA:89,7,0,0
BRDA:89,7,1,3
BRDA:97,8,0,2
BRDA:97,8,1,1
BRDA:98,9,0,1
BRDA:98,9,1,1
BRDA:99,10,0,1
BRDA:99,10,1,0
BRDA:139,11,0,0
BRDA:139,11,1,0
BRDA:147,12,0,0
BRDA:147,12,1,0
BRDA:166,13,0,0
BRDA:166,13,1,0
BRDA:178,14,0,0
BRDA:178,14,1,0
BRF:30
BRH:13
end_of_record
TN:
SF:src\controllers\clientController.js
FN:8,(anonymous_0)
FN:16,(anonymous_1)
FN:26,(anonymous_2)
FNF:3
FNH:3
FNDA:2,(anonymous_0)
FNDA:2,(anonymous_1)
FNDA:3,(anonymous_2)
DA:9,2
DA:10,2
DA:12,1
DA:17,2
DA:18,2
DA:19,1
DA:20,1
DA:22,1
DA:27,3
DA:28,3
DA:29,3
DA:30,2
DA:31,1
DA:33,2
LF:14
LH:14
BRDA:29,0,0,1
BRDA:29,0,1,2
BRF:2
BRH:2
end_of_record
TN:
SF:src\helpers\tokenHandler.js
FN:6,(anonymous_0)
FN:21,(anonymous_1)
FN:22,(anonymous_2)
FN:23,(anonymous_3)
FNF:4
FNH:1
FNDA:1,(anonymous_0)
FNDA:0,(anonymous_1)
FNDA:0,(anonymous_2)
FNDA:0,(anonymous_3)
DA:2,2
DA:7,1
DA:9,1
DA:14,1
DA:17,0
DA:22,0
DA:23,0
DA:24,0
DA:25,0
DA:27,0
LF:10
LH:4
BRDA:24,0,0,0
BRDA:24,0,1,0
BRF:2
BRH:0
end_of_record
TN:
SF:src\models\apartmentModel.js
FN:5,(anonymous_0)
FN:19,(anonymous_1)
FN:24,(anonymous_2)
FN:29,(anonymous_3)
FN:34,(anonymous_4)
FNF:5
FNH:0
FNDA:0,(anonymous_0)
FNDA:0,(anonymous_1)
FNDA:0,(anonymous_2)
FNDA:0,(anonymous_3)
FNDA:0,(anonymous_4)
DA:6,0
DA:8,0
DA:16,0
DA:20,0
DA:21,0
DA:25,0
DA:26,0
DA:30,0
DA:31,0
DA:35,0
DA:36,0
LF:11
LH:0
BRF:0
BRH:0
end_of_record
TN:
SF:src\models\authModel.js
FN:5,(anonymous_0)
FN:15,(anonymous_1)
FN:30,(anonymous_2)
FN:35,(anonymous_3)
FNF:4
FNH:1
FNDA:1,(anonymous_0)
FNDA:0,(anonymous_1)
FNDA:0,(anonymous_2)
FNDA:0,(anonymous_3)
DA:6,1
DA:7,1
DA:8,1
DA:9,1
DA:10,1
DA:11,1
DA:12,1
DA:16,0
DA:27,0
DA:31,0
DA:32,0
DA:36,0
DA:37,0
LF:13
LH:7
BRF:0
BRH:0
end_of_record
TN:
SF:src\models\clientModel.js
FN:5,(anonymous_0)
FN:19,(anonymous_1)
FN:24,(anonymous_2)
FN:29,(anonymous_3)
FNF:4
FNH:0
FNDA:0,(anonymous_0)
FNDA:0,(anonymous_1)
FNDA:0,(anonymous_2)
FNDA:0,(anonymous_3)
DA:7,0
DA:9,0
DA:16,0
DA:20,0
DA:21,0
DA:25,0
DA:26,0
DA:30,0
DA:31,0
LF:9
LH:0
BRF:0
BRH:0
end_of_record
TN:
SF:src\models\roleModel.js
FN:5,(anonymous_0)
FNF:1
FNH:0
FNDA:0,(anonymous_0)
DA:6,0
DA:8,0
LF:2
LH:0
BRF:0
BRH:0
end_of_record
TN:
SF:src\models\config\models.js
FNF:0
FNH:0
DA:4,4
DA:5,4
DA:6,4
DA:7,4
DA:8,4
LF:5
LH:5
BRF:0
BRH:0
end_of_record
TN:
SF:src\validations\apartmentValidation.js
FN:11,(anonymous_0)
FN:23,(anonymous_1)
FNF:2
FNH:2
FNDA:2,(anonymous_0)
FNDA:3,(anonymous_1)
DA:3,1
DA:12,2
DA:20,2
DA:24,3
DA:28,3
LF:5
LH:5
BRF:0
BRH:0
end_of_record
TN:
SF:src\validations\authValidation.js
FN:6,(anonymous_0)
FN:25,(anonymous_1)
FN:39,(anonymous_2)
FN:49,(anonymous_3)
FNF:4
FNH:2
FNDA:3,(anonymous_0)
FNDA:3,(anonymous_1)
FNDA:0,(anonymous_2)
FNDA:0,(anonymous_3)
DA:7,3
DA:22,3
DA:27,3
DA:35,3
DA:41,0
DA:45,0
DA:50,0
DA:69,0
LF:8
LH:4
BRF:0
BRH:0
end_of_record
TN:
SF:src\validations\validationsErrorHandler.js
FN:1,errorHandler
FN:2,(anonymous_1)
FN:10,(anonymous_2)
FNF:3
FNH:3
FNDA:3,errorHandler
FNDA:3,(anonymous_1)
FNDA:3,(anonymous_2)
DA:2,3
DA:3,3
DA:9,3
DA:10,3
DA:13,3
LF:5
LH:5
BRF:0
BRH:0
end_of_record
